l:\model\model\debug\vc142.pdb
l:\model\model\debug\vc142.idb
l:\model\model\debug\waitingq.obj
l:\model\model\debug\readyq.obj
l:\model\model\debug\model.obj
l:\model\model\debug\main.obj
l:\model\model\debug\kernel.obj
l:\model\model\debug\initialize.obj
l:\model\model\debug\code7.obj
l:\model\debug\model.exe
l:\model\debug\model.ilk
l:\model\debug\model.pdb
l:\model\model\debug\code.obj
l:\model\model\debug\code6.obj
l:\model\model\debug\kernel.obj.enc
l:\model\model\debug\waitingq.obj.enc
l:\model\model\debug\model.tlog\cl.command.1.tlog
l:\model\model\debug\model.tlog\link.command.1.tlog
l:\model\model\debug\model.tlog\cl.read.1.tlog
l:\model\model\debug\model.tlog\link.read.1.tlog
l:\model\model\debug\model.tlog\cl.write.1.tlog
l:\model\model\debug\model.tlog\link.write.1.tlog
