  code7.c
  initialize.c
  kernel.c
C:\Program Files (x86)\Windows Kits\10\Include\10.0.17763.0\um\winspool.h(328,1): warning C4005:  'MAX_PRIORITY': 매크로 재정의
L:\model\model\config.h(13): message :  'MAX_PRIORITY'의 이전 정의를 참조하십시오.
L:\model\model\kernel.c(224,13): warning C4013:  'empty'이(가) 정의되지 않았습니다. extern은 int형을 반환하는 것으로 간주합니다.
L:\model\model\kernel.c(226,60): warning C4047:  '함수': 'int'의 간접 참조 수준이 'int [10]'과(와) 다릅니다.
L:\model\model\kernel.c(226,60): warning C4024:  'push_task_into_readyQ': 형식 및 실제 매개 변수 3의 형식이 서로 다릅니다.
L:\model\model\kernel.c(227,6): warning C4013:  'deQ'이(가) 정의되지 않았습니다. extern은 int형을 반환하는 것으로 간주합니다.
  main.c
  model.c
  readyQ.c
L:\model\model\kernel.c(253,6): warning C4013:  'enQ'이(가) 정의되지 않았습니다. extern은 int형을 반환하는 것으로 간주합니다.
  waitingQ.c
L:\model\model\readyQ.c(113,11): warning C4098:  'get_task_from_readyQ': 'void' 함수에서 값을 반환하고 있습니다.
L:\model\model\waitingQ.c(31,9): warning C4013:  'printf'이(가) 정의되지 않았습니다. extern은 int형을 반환하는 것으로 간주합니다.
  코드를 생성하고 있습니다.
  Previous IPDB not found, fall back to full compilation.
L:\model\model\waitingQ.c(42): warning C4716: 'enQ': 값을 반환해야 합니다.
L:\model\model\kernel.c(240): warning C4715: 'sem_give': 모든 제어 경로에서 값을 반환하지는 않습니다.
L:\model\model\readyQ.c(171): warning C4715: 'reschedule_2': 모든 제어 경로에서 값을 반환하지는 않습니다.
  All 27 functions were compiled because no usable IPDB/IOBJ from previous compilation was found.
  코드를 생성했습니다.
  model.vcxproj -> L:\model\Release\model.exe
