l:\model\model\release\vc142.pdb
l:\model\model\release\waitingq.obj
l:\model\model\release\readyq.obj
l:\model\model\release\model.obj
l:\model\model\release\main.obj
l:\model\model\release\kernel.obj
l:\model\model\release\initialize.obj
l:\model\model\release\code7.obj
l:\model\release\model.exe
l:\model\release\model.pdb
l:\model\release\model.ipdb
l:\model\release\model.iobj
l:\model\model\release\model.tlog\cl.read.1.tlog
l:\model\model\release\model.tlog\cl.write.1.tlog
l:\model\model\release\model.tlog\cl.command.1.tlog
l:\model\model\release\model.tlog\link.read.6.tlog
l:\model\model\release\model.tlog\link.write.1.tlog
l:\model\model\release\model.tlog\link.command.1.tlog
l:\model\model\release\model.tlog\model.write.1u.tlog
l:\model\model\release\model.tlog\link.delete.1.tlog
